2025-08-12 21:11:06 INFO  utils.Log - Starting Scenario: Scenario 1 - Basic response validation
2025-08-12 21:11:06 INFO  utils.Log - Sending GET request to: https://testapi.io/api/RMSTest/ibltest
2025-08-12 21:11:06 INFO  utils.Log - Sending GET request to endpoint: https://testapi.io/api/RMSTest/ibltest
2025-08-12 21:11:08 INFO  utils.Log - Request sent successfully.
2025-08-12 21:11:08 ERROR utils.Log - Status code assertion failed: Cannot invoke "io.restassured.response.Response.getStatusCode()" because "this.response" is null
2025-08-12 21:11:08 ERROR utils.Log - Scenario failed: Scenario 1 - Basic response validation - FAILED
2025-08-12 21:11:08 INFO  utils.Log - Starting Scenario: Scenario 2 - ID and Episode type validation
2025-08-12 21:11:08 INFO  utils.Log - Sending GET request to: https://testapi.io/api/RMSTest/ibltest
2025-08-12 21:11:08 INFO  utils.Log - Sending GET request to endpoint: https://testapi.io/api/RMSTest/ibltest
2025-08-12 21:11:08 INFO  utils.Log - Request sent successfully.
2025-08-12 21:11:08 ERROR utils.Log - Element validation failed: Cannot invoke "io.restassured.response.Response.as(java.lang.Class)" because "this.response" is null
2025-08-12 21:11:08 ERROR utils.Log - Scenario failed: Scenario 2 - ID and Episode type validation - FAILED
2025-08-12 21:11:08 INFO  utils.Log - Starting Scenario: Scenario 3 - Title field validation for Episode
2025-08-12 21:11:08 INFO  utils.Log - Sending GET request to: https://testapi.io/api/RMSTest/ibltest
2025-08-12 21:11:08 INFO  utils.Log - Sending GET request to endpoint: https://testapi.io/api/RMSTest/ibltest
2025-08-12 21:11:08 INFO  utils.Log - Request sent successfully.
2025-08-12 21:11:08 ERROR utils.Log - Episode title validation failed: Cannot invoke "io.restassured.response.Response.as(java.lang.Class)" because "this.response" is null
2025-08-12 21:11:08 ERROR utils.Log - Scenario failed: Scenario 3 - Title field validation for Episode - FAILED
2025-08-12 21:11:08 INFO  utils.Log - Starting Scenario: Scenario 4 - Only one episode is live validation
2025-08-12 21:11:08 INFO  utils.Log - Sending GET request to: https://testapi.io/api/RMSTest/ibltest
2025-08-12 21:11:08 INFO  utils.Log - Sending GET request to endpoint: https://testapi.io/api/RMSTest/ibltest
2025-08-12 21:11:09 INFO  utils.Log - Request sent successfully.
2025-08-12 21:11:09 ERROR utils.Log - Live episode validation failed: Cannot invoke "io.restassured.response.Response.as(java.lang.Class)" because "this.response" is null
2025-08-12 21:11:09 ERROR utils.Log - Scenario failed: Scenario 4 - Only one episode is live validation - FAILED
2025-08-12 21:11:09 INFO  utils.Log - Starting Scenario: Scenario 5 - Transmission date validation
2025-08-12 21:11:09 INFO  utils.Log - Sending GET request to: https://testapi.io/api/RMSTest/ibltest
2025-08-12 21:11:09 INFO  utils.Log - Sending GET request to endpoint: https://testapi.io/api/RMSTest/ibltest
2025-08-12 21:11:09 INFO  utils.Log - Request sent successfully.
2025-08-12 21:11:09 ERROR utils.Log - Transmission date validation failed: Cannot invoke "io.restassured.response.Response.as(java.lang.Class)" because "this.response" is null
2025-08-12 21:11:09 ERROR utils.Log - Scenario failed: Scenario 5 - Transmission date validation - FAILED
2025-08-12 21:11:09 INFO  utils.Log - Starting Scenario: Scenario 6 - Response header check Date Validation
2025-08-12 21:11:09 INFO  utils.Log - Sending GET request to: https://testapi.io/api/RMSTest/ibltest
2025-08-12 21:11:09 INFO  utils.Log - Sending GET request to endpoint: https://testapi.io/api/RMSTest/ibltest
2025-08-12 21:11:10 INFO  utils.Log - Request sent successfully.
2025-08-12 21:11:10 ERROR utils.Log - 'Date' header missing in response: Cannot invoke "io.restassured.response.Response.getHeader(String)" because "this.response" is null
2025-08-12 21:11:10 ERROR utils.Log - Scenario failed: Scenario 6 - Response header check Date Validation - FAILED
2025-08-12 21:11:10 INFO  utils.Log - Starting Scenario: Scenario 7 - 404 on invalid date - Validation of error fields on invalid path
2025-08-12 21:11:10 INFO  utils.Log - Sending GET request to invalid path: /ibltest/2023-09-11
2025-08-12 21:11:10 INFO  utils.Log - Sending GET request to endpoint: https://testapi.io/api/RMSTest/ibltest/2023-09-11
2025-08-12 21:11:10 INFO  utils.Log - Request sent successfully.
2025-08-12 21:11:10 ERROR utils.Log - Status code assertion failed: Cannot invoke "io.restassured.response.Response.getStatusCode()" because "this.response" is null
2025-08-12 21:11:10 ERROR utils.Log - Scenario failed: Scenario 7 - 404 on invalid date - Validation of error fields on invalid path - FAILED
