2025-08-12 20:44:45 INFO  utils.Log - Starting Scenario: Scenario 1 - Basic response validation
2025-08-12 20:44:46 INFO  utils.Log - Sending GET request to: https://testapi.io/api/RMSTest/ibltest
2025-08-12 20:44:46 INFO  utils.Log - Sending GET request to endpoint: https://testapi.io/api/RMSTest/ibltest
2025-08-12 20:44:46 ERROR utils.Log - Failed to send GET request: baseURI cannot be null
2025-08-12 20:44:46 ERROR utils.Log - Scenario failed: Scenario 1 - Basic response validation - FAILED
2025-08-12 20:44:46 INFO  utils.Log - Starting Scenario: Scenario 2 - ID and Episode type validation
2025-08-12 20:44:46 INFO  utils.Log - Sending GET request to: https://testapi.io/api/RMSTest/ibltest
2025-08-12 20:44:46 INFO  utils.Log - Sending GET request to endpoint: https://testapi.io/api/RMSTest/ibltest
2025-08-12 20:44:46 ERROR utils.Log - Failed to send GET request: baseURI cannot be null
2025-08-12 20:44:46 ERROR utils.Log - Scenario failed: Scenario 2 - ID and Episode type validation - FAILED
2025-08-12 20:44:46 INFO  utils.Log - Starting Scenario: Scenario 3 - Title field validation for Episode
2025-08-12 20:44:46 INFO  utils.Log - Sending GET request to: https://testapi.io/api/RMSTest/ibltest
2025-08-12 20:44:46 INFO  utils.Log - Sending GET request to endpoint: https://testapi.io/api/RMSTest/ibltest
2025-08-12 20:44:46 ERROR utils.Log - Failed to send GET request: baseURI cannot be null
2025-08-12 20:44:46 ERROR utils.Log - Scenario failed: Scenario 3 - Title field validation for Episode - FAILED
2025-08-12 20:44:46 INFO  utils.Log - Starting Scenario: Scenario 4 - Only one episode is live validation
2025-08-12 20:44:46 INFO  utils.Log - Sending GET request to: https://testapi.io/api/RMSTest/ibltest
2025-08-12 20:44:46 INFO  utils.Log - Sending GET request to endpoint: https://testapi.io/api/RMSTest/ibltest
2025-08-12 20:44:46 ERROR utils.Log - Failed to send GET request: baseURI cannot be null
2025-08-12 20:44:46 ERROR utils.Log - Scenario failed: Scenario 4 - Only one episode is live validation - FAILED
2025-08-12 20:44:46 INFO  utils.Log - Starting Scenario: Scenario 5 - Transmission date validation
2025-08-12 20:44:46 INFO  utils.Log - Sending GET request to: https://testapi.io/api/RMSTest/ibltest
2025-08-12 20:44:46 INFO  utils.Log - Sending GET request to endpoint: https://testapi.io/api/RMSTest/ibltest
2025-08-12 20:44:46 ERROR utils.Log - Failed to send GET request: baseURI cannot be null
2025-08-12 20:44:46 ERROR utils.Log - Scenario failed: Scenario 5 - Transmission date validation - FAILED
2025-08-12 20:44:46 INFO  utils.Log - Starting Scenario: Scenario 6 - Response header check Date Validation
2025-08-12 20:44:46 INFO  utils.Log - Sending GET request to: https://testapi.io/api/RMSTest/ibltest
2025-08-12 20:44:46 INFO  utils.Log - Sending GET request to endpoint: https://testapi.io/api/RMSTest/ibltest
2025-08-12 20:44:46 ERROR utils.Log - Failed to send GET request: baseURI cannot be null
2025-08-12 20:44:46 ERROR utils.Log - Scenario failed: Scenario 6 - Response header check Date Validation - FAILED
2025-08-12 20:44:46 INFO  utils.Log - Starting Scenario: Scenario 7 - 404 on invalid date - Validation of error fields on invalid path
2025-08-12 20:44:46 INFO  utils.Log - Sending GET request to invalid path: /ibltest/2023-09-11
2025-08-12 20:44:46 INFO  utils.Log - Sending GET request to endpoint: https://testapi.io/api/RMSTest/ibltest/2023-09-11
2025-08-12 20:44:46 ERROR utils.Log - Failed to send GET request: baseURI cannot be null
2025-08-12 20:44:46 ERROR utils.Log - Scenario failed: Scenario 7 - 404 on invalid date - Validation of error fields on invalid path - FAILED
